<?xml version="1.0" encoding="UTF-8"?>
<testsuite name="com.mlaxn.demoSpringDataJPA.DemoSpringDataJpaApplicationTests" tests="1" skipped="1" failures="0" errors="0" timestamp="2019-07-11T21:35:57" hostname="Meelans-MacBook-Pro.local" time="0.0">
  <properties/>
  <testcase name="contextLoads" classname="com.mlaxn.demoSpringDataJPA.DemoSpringDataJpaApplicationTests" time="0.0">
    <skipped/>
  </testcase>
  <system-out><![CDATA[16:35:57.122 [Test worker] DEBUG org.springframework.test.context.junit4.SpringJUnit4ClassRunner - SpringJUnit4ClassRunner constructor called with [class com.mlaxn.demoSpringDataJPA.DemoSpringDataJpaApplicationTests]
16:35:57.137 [Test worker] DEBUG org.springframework.test.context.BootstrapUtils - Instantiating CacheAwareContextLoaderDelegate from class [org.springframework.test.context.cache.DefaultCacheAwareContextLoaderDelegate]
16:35:57.155 [Test worker] DEBUG org.springframework.test.context.BootstrapUtils - Instantiating BootstrapContext using constructor [public org.springframework.test.context.support.DefaultBootstrapContext(java.lang.Class,org.springframework.test.context.CacheAwareContextLoaderDelegate)]
16:35:57.189 [Test worker] DEBUG org.springframework.test.context.BootstrapUtils - Instantiating TestContextBootstrapper for test class [com.mlaxn.demoSpringDataJPA.DemoSpringDataJpaApplicationTests] from class [org.springframework.boot.test.context.SpringBootTestContextBootstrapper]
16:35:57.217 [Test worker] INFO org.springframework.boot.test.context.SpringBootTestContextBootstrapper - Neither @ContextConfiguration nor @ContextHierarchy found for test class [com.mlaxn.demoSpringDataJPA.DemoSpringDataJpaApplicationTests], using SpringBootContextLoader
16:35:57.221 [Test worker] DEBUG org.springframework.test.context.support.AbstractContextLoader - Did not detect default resource location for test class [com.mlaxn.demoSpringDataJPA.DemoSpringDataJpaApplicationTests]: class path resource [com/mlaxn/demoSpringDataJPA/DemoSpringDataJpaApplicationTests-context.xml] does not exist
16:35:57.222 [Test worker] DEBUG org.springframework.test.context.support.AbstractContextLoader - Did not detect default resource location for test class [com.mlaxn.demoSpringDataJPA.DemoSpringDataJpaApplicationTests]: class path resource [com/mlaxn/demoSpringDataJPA/DemoSpringDataJpaApplicationTestsContext.groovy] does not exist
16:35:57.222 [Test worker] INFO org.springframework.test.context.support.AbstractContextLoader - Could not detect default resource locations for test class [com.mlaxn.demoSpringDataJPA.DemoSpringDataJpaApplicationTests]: no resource found for suffixes {-context.xml, Context.groovy}.
16:35:57.224 [Test worker] INFO org.springframework.test.context.support.AnnotationConfigContextLoaderUtils - Could not detect default configuration classes for test class [com.mlaxn.demoSpringDataJPA.DemoSpringDataJpaApplicationTests]: DemoSpringDataJpaApplicationTests does not declare any static, non-private, non-final, nested classes annotated with @Configuration.
16:35:57.301 [Test worker] DEBUG org.springframework.test.context.support.ActiveProfilesUtils - Could not find an 'annotation declaring class' for annotation type [org.springframework.test.context.ActiveProfiles] and class [com.mlaxn.demoSpringDataJPA.DemoSpringDataJpaApplicationTests]
16:35:57.413 [Test worker] DEBUG org.springframework.context.annotation.ClassPathScanningCandidateComponentProvider - Identified candidate component class: file [/Users/meelan/Desktop/Intellij/demo-SpringDataJPA/build/classes/java/main/com/mlaxn/demoSpringDataJPA/DemoSpringDataJpaApplication.class]
16:35:57.451 [Test worker] INFO org.springframework.boot.test.context.SpringBootTestContextBootstrapper - Found @SpringBootConfiguration com.mlaxn.demoSpringDataJPA.DemoSpringDataJpaApplication for test class com.mlaxn.demoSpringDataJPA.DemoSpringDataJpaApplicationTests
16:35:57.637 [Test worker] DEBUG org.springframework.boot.test.context.SpringBootTestContextBootstrapper - @TestExecutionListeners is not present for class [com.mlaxn.demoSpringDataJPA.DemoSpringDataJpaApplicationTests]: using defaults.
16:35:57.638 [Test worker] INFO org.springframework.boot.test.context.SpringBootTestContextBootstrapper - Loaded default TestExecutionListener class names from location [META-INF/spring.factories]: [org.springframework.boot.test.autoconfigure.restdocs.RestDocsTestExecutionListener, org.springframework.boot.test.autoconfigure.web.client.MockRestServiceServerResetTestExecutionListener, org.springframework.boot.test.autoconfigure.web.servlet.MockMvcPrintOnlyOnFailureTestExecutionListener, org.springframework.boot.test.autoconfigure.web.servlet.WebDriverTestExecutionListener, org.springframework.boot.test.mock.mockito.MockitoTestExecutionListener, org.springframework.boot.test.mock.mockito.ResetMocksTestExecutionListener, org.springframework.test.context.web.ServletTestExecutionListener, org.springframework.test.context.support.DirtiesContextBeforeModesTestExecutionListener, org.springframework.test.context.support.DependencyInjectionTestExecutionListener, org.springframework.test.context.support.DirtiesContextTestExecutionListener, org.springframework.test.context.transaction.TransactionalTestExecutionListener, org.springframework.test.context.jdbc.SqlScriptsTestExecutionListener]
16:35:57.667 [Test worker] INFO org.springframework.boot.test.context.SpringBootTestContextBootstrapper - Using TestExecutionListeners: [org.springframework.test.context.web.ServletTestExecutionListener@6985e4e1, org.springframework.test.context.support.DirtiesContextBeforeModesTestExecutionListener@7ba09cb7, org.springframework.boot.test.mock.mockito.MockitoTestExecutionListener@5aa2bad2, org.springframework.boot.test.autoconfigure.SpringBootDependencyInjectionTestExecutionListener@6e77db6, org.springframework.test.context.support.DirtiesContextTestExecutionListener@40832367, org.springframework.test.context.transaction.TransactionalTestExecutionListener@3fb94ae4, org.springframework.test.context.jdbc.SqlScriptsTestExecutionListener@708213eb, org.springframework.boot.test.autoconfigure.restdocs.RestDocsTestExecutionListener@4d35da80, org.springframework.boot.test.autoconfigure.web.client.MockRestServiceServerResetTestExecutionListener@14f4405a, org.springframework.boot.test.autoconfigure.web.servlet.MockMvcPrintOnlyOnFailureTestExecutionListener@61efd64a, org.springframework.boot.test.autoconfigure.web.servlet.WebDriverTestExecutionListener@1928cd7, org.springframework.boot.test.mock.mockito.ResetMocksTestExecutionListener@6210b7bf]
16:35:57.672 [Test worker] DEBUG org.springframework.test.annotation.ProfileValueUtils - Retrieved @ProfileValueSourceConfiguration [null] for test class [com.mlaxn.demoSpringDataJPA.DemoSpringDataJpaApplicationTests]
16:35:57.673 [Test worker] DEBUG org.springframework.test.annotation.ProfileValueUtils - Retrieved ProfileValueSource type [class org.springframework.test.annotation.SystemProfileValueSource] for class [com.mlaxn.demoSpringDataJPA.DemoSpringDataJpaApplicationTests]
]]></system-out>
  <system-err><![CDATA[]]></system-err>
</testsuite>
